<?xml version="1.0" encoding="UTF-8"?>
<!-- Generated by org.testng.reporters.JUnitReportReporter -->
<testsuite hostname="LAPTOP-3N9MTLMM" failures="0" tests="1" name="endtoendtesting.test1" time="55.425" errors="0" timestamp="2021-02-08T21:29:27 IST" skipped="0">
  <testcase classname="endtoendtesting.test1" name="configuration" time="55.425"/>
  <system-out/>
</testsuite> <!-- endtoendtesting.test1 -->
