<?xml version="1.0" encoding="UTF-8"?>
<!-- Generated by org.testng.reporters.JUnitReportReporter -->
<testsuite hostname="LAPTOP-3N9MTLMM" failures="0" tests="1" name="endtoendtesting.bankpro" time="39.918" errors="0" timestamp="2021-02-07T15:50:58 IST" skipped="0">
  <testcase classname="endtoendtesting.bankpro" name="bankpro" time="39.918"/>
  <system-out/>
</testsuite> <!-- endtoendtesting.bankpro -->
