<?xml version="1.0" encoding="UTF-8"?>
<!-- Generated by org.testng.reporters.JUnitReportReporter -->
<testsuite hostname="LAPTOP-3N9MTLMM" failures="0" tests="1" name="endtoendtesting.test2" time="62.502" errors="0" timestamp="2021-02-08T21:29:27 IST" skipped="0">
  <testcase classname="endtoendtesting.test2" name="conf1" time="62.502"/>
  <system-out/>
</testsuite> <!-- endtoendtesting.test2 -->
