<?xml version="1.0" encoding="UTF-8"?>
<!-- Generated by org.testng.reporters.JUnitReportReporter -->
<testsuite hostname="LAPTOP-3N9MTLMM" failures="0" tests="1" name="endtoendtesting.check" time="8.417" errors="0" timestamp="2021-02-07T15:15:47 IST" skipped="0">
  <testcase classname="endtoendtesting.check" name="configuration" time="8.417"/>
  <system-out/>
</testsuite> <!-- endtoendtesting.check -->
